<?xml version="1.0" encoding="UTF-8"?>
<!-- Generated by org.testng.reporters.JUnitReportReporter -->
<testsuite hostname="Yogesh-PC" name="com.hashedin.webclient.IderaWebclient" tests="2" failures="0" timestamp="16 Jun 2014 11:19:20 GMT" time="3.380" errors="0">
  <testcase name="GET" time="2.599" classname="com.hashedin.webclient.IderaWebclient"/>
  <testcase name="POST" time="0.781" classname="com.hashedin.webclient.IderaWebclient"/>
</testsuite> <!-- com.hashedin.webclient.IderaWebclient -->
