<?xml version="1.0" encoding="UTF-8"?>
<!-- Generated by org.testng.reporters.JUnitReportReporter -->
<testsuite hostname="Yogesh-PC" name="com.hashedin.webclient.IderaWebclient" tests="2" failures="0" timestamp="14 Jun 2014 03:19:06 GMT" time="3.681" errors="0">
  <testcase name="GET" time="1.123" classname="com.hashedin.webclient.IderaWebclient"/>
  <testcase name="POST" time="2.558" classname="com.hashedin.webclient.IderaWebclient"/>
</testsuite> <!-- com.hashedin.webclient.IderaWebclient -->
