<?xml version="1.0" encoding="UTF-8"?>
<!-- Generated by org.testng.reporters.JUnitReportReporter -->
<testsuite hostname="Yogesh-PC" name="com.hashedin.webclient.IderaWebclient" tests="2" failures="0" timestamp="14 Jun 2014 17:39:08 GMT" time="3.208" errors="0">
  <testcase name="GET" time="2.286" classname="com.hashedin.webclient.IderaWebclient"/>
  <testcase name="POST" time="0.922" classname="com.hashedin.webclient.IderaWebclient"/>
</testsuite> <!-- com.hashedin.webclient.IderaWebclient -->
